SF:c:\Users\utres\Downloads\contra\contra\Validator.cs
FN:15,System.String contra.Validator::get_Username()
FNDA:2,System.String contra.Validator::get_Username()
DA:16,2
FN:18,System.Boolean contra.Validator::Valida(System.String)
FNDA:1,System.Boolean contra.Validator::Valida(System.String)
DA:19,1
DA:20,1
DA:21,1
DA:22,1
DA:23,1
DA:26,0
DA:27,0
DA:28,0
DA:29,0
DA:30,0
DA:31,0
DA:32,0
DA:35,0
DA:36,1
BRDA:20,23,0,1
BRDA:20,23,1,0
BRDA:20,53,0,1
BRDA:20,53,1,0
BRDA:26,67,0,0
BRDA:26,76,0,0
BRDA:26,85,0,0
BRDA:26,67,1,0
BRDA:26,76,1,0
BRDA:26,85,1,0
BRDA:26,102,0,0
BRDA:26,102,1,0
FN:38,System.String contra.Validator::reverse(System.String)
FNDA:1,System.String contra.Validator::reverse(System.String)
DA:39,1
DA:40,1
DA:41,27
DA:42,8
DA:43,8
DA:44,1
DA:45,1
BRDA:41,54,1,8
BRDA:41,54,0,1
FN:47,System.Boolean contra.Validator::ConteMinuscules(System.String)
FNDA:0,System.Boolean contra.Validator::ConteMinuscules(System.String)
DA:48,0
DA:49,0
DA:50,0
DA:51,0
DA:52,0
DA:53,0
DA:55,0
DA:57,0
DA:58,0
BRDA:49,50,1,0
BRDA:51,30,0,0
BRDA:51,30,1,0
BRDA:49,50,0,0
FN:60,System.Boolean contra.Validator::ConteMajuscules(System.String)
FNDA:0,System.Boolean contra.Validator::ConteMajuscules(System.String)
DA:61,0
DA:62,0
DA:63,0
DA:64,0
DA:65,0
DA:66,0
DA:68,0
DA:70,0
DA:71,0
BRDA:62,50,1,0
BRDA:64,30,0,0
BRDA:64,30,1,0
BRDA:62,50,0,0
FN:72,System.Int32 contra.Validator::ComptaNumeros(System.String)
FNDA:0,System.Int32 contra.Validator::ComptaNumeros(System.String)
DA:73,0
DA:74,0
DA:75,0
DA:76,0
DA:77,0
DA:78,0
DA:79,0
DA:80,0
DA:81,0
DA:82,0
DA:83,0
DA:84,0
DA:85,0
DA:87,0
DA:88,0
BRDA:76,95,1,0
BRDA:78,42,0,0
BRDA:80,60,0,0
BRDA:80,60,1,0
BRDA:78,42,1,0
BRDA:76,95,0,0
FN:10,System.Void contra.Validator::.ctor(System.String)
FNDA:1,System.Void contra.Validator::.ctor(System.String)
DA:11,1
DA:12,1
DA:13,1
DA:14,1
LF:59
LH:18
BRF:28
BRH:4
FNF:7
FNH:4
end_of_record